<?xml version="1.0" encoding="UTF-8"?>
<testng-results ignored="0" total="2" passed="2" failed="0" skipped="0">
  <reporter-output>
  </reporter-output>
  <suite started-at="2023-02-07T09:24:20Z" name="Default suite" finished-at="2023-02-07T09:24:20Z" duration-ms="57">
    <groups>
    </groups>
    <test started-at="2023-02-07T09:24:20Z" name="Default test" finished-at="2023-02-07T09:24:20Z" duration-ms="57">
      <class name="Demo.Tests.Team">
        <test-method signature="WicketKeeperCount()[pri:0, instance:Demo.Tests.Team@20f5281c]" started-at="2023-02-07T09:24:20Z" name="WicketKeeperCount" finished-at="2023-02-07T09:24:20Z" duration-ms="26" status="PASS">
          <reporter-output>
          </reporter-output>
        </test-method> <!-- WicketKeeperCount -->
        <test-method signature="foreignPlayersCount()[pri:0, instance:Demo.Tests.Team@20f5281c]" started-at="2023-02-07T09:24:20Z" name="foreignPlayersCount" finished-at="2023-02-07T09:24:20Z" duration-ms="3" status="PASS">
          <reporter-output>
          </reporter-output>
        </test-method> <!-- foreignPlayersCount -->
      </class> <!-- Demo.Tests.Team -->
    </test> <!-- Default test -->
  </suite> <!-- Default suite -->
</testng-results>
