<?xml version="1.0" encoding="UTF-8"?>
<testng-results ignored="0" total="2" passed="2" failed="0" skipped="0">
  <reporter-output>
  </reporter-output>
  <suite started-at="2023-02-07T10:15:59Z" name="Suite" finished-at="2023-02-07T10:15:59Z" duration-ms="54">
    <groups>
    </groups>
    <test started-at="2023-02-07T10:15:59Z" name="Test" finished-at="2023-02-07T10:15:59Z" duration-ms="54">
      <class name="Demo.Tests.Team">
        <test-method signature="foreignPlayersCount()[pri:1, instance:Demo.Tests.Team@20f5281c]" started-at="2023-02-07T10:15:59Z" name="foreignPlayersCount" finished-at="2023-02-07T10:15:59Z" duration-ms="22" status="PASS">
          <reporter-output>
          </reporter-output>
        </test-method> <!-- foreignPlayersCount -->
        <test-method signature="WicketKeeperCount()[pri:2, instance:Demo.Tests.Team@20f5281c]" started-at="2023-02-07T10:15:59Z" name="WicketKeeperCount" finished-at="2023-02-07T10:15:59Z" duration-ms="2" status="PASS">
          <reporter-output>
          </reporter-output>
        </test-method> <!-- WicketKeeperCount -->
      </class> <!-- Demo.Tests.Team -->
    </test> <!-- Test -->
  </suite> <!-- Suite -->
</testng-results>
